This is pdfTeX, Version 3.141592653-2.6-1.40.22 (MiKTeX 21.3) (preloaded format=pdflatex 2021.4.7)  22 MAY 2021 13:09
entering extended mode
**./template_Article.tex
(template_Article.tex
LaTeX2e <2020-10-01> patch level 4
L3 programming layer <2021-02-18>
(/Users/carmineminichini/Library/Application Support/MiKTeX/texmfs/install/tex/
latex/base/article.cls
Document Class: article 2020/04/10 v1.4m Standard LaTeX document class

(/Users/carmineminichini/Library/Application Support/MiKTeX/texmfs/install/tex/
latex/base/size10.clo
File: size10.clo 2020/04/10 v1.4m Standard LaTeX file (size option)
)
\c@part=\count179
\c@section=\count180
\c@subsection=\count181
\c@subsubsection=\count182
\c@paragraph=\count183
\c@subparagraph=\count184
\c@figure=\count185
\c@table=\count186
\abovecaptionskip=\skip47
\belowcaptionskip=\skip48
\bibindent=\dimen138
)
(/Users/carmineminichini/Library/Application Support/MiKTeX/texmfs/install/tex/
latex/setspace/setspace.sty
Package: setspace 2011/12/19 v6.7a set line spacing
)
(/Users/carmineminichini/Library/Application Support/MiKTeX/texmfs/install/tex/
latex/amsmath/amsmath.sty
Package: amsmath 2020/09/23 v2.17i AMS math features
\@mathmargin=\skip49

For additional information on amsmath, use the `?' option.

(/Users/carmineminichini/Library/Application Support/MiKTeX/texmfs/install/tex/
latex/amsmath/amstext.sty
Package: amstext 2000/06/29 v2.01 AMS text

(/Users/carmineminichini/Library/Application Support/MiKTeX/texmfs/install/tex/
latex/amsmath/amsgen.sty
File: amsgen.sty 1999/11/30 v2.0 generic functions
\@emptytoks=\toks15
\ex@=\dimen139
))
(/Users/carmineminichini/Library/Application Support/MiKTeX/texmfs/install/tex/
latex/amsmath/amsbsy.sty
Package: amsbsy 1999/11/29 v1.2d Bold Symbols
\pmbraise@=\dimen140
)
(/Users/carmineminichini/Library/Application Support/MiKTeX/texmfs/install/tex/
latex/amsmath/amsopn.sty
Package: amsopn 2016/03/08 v2.02 operator names
)
\inf@bad=\count187
LaTeX Info: Redefining \frac on input line 234.
\uproot@=\count188
\leftroot@=\count189
LaTeX Info: Redefining \overline on input line 399.
\classnum@=\count190
\DOTSCASE@=\count191
LaTeX Info: Redefining \ldots on input line 496.
LaTeX Info: Redefining \dots on input line 499.
LaTeX Info: Redefining \cdots on input line 620.
\Mathstrutbox@=\box47
\strutbox@=\box48
\big@size=\dimen141
LaTeX Font Info:    Redeclaring font encoding OML on input line 743.
LaTeX Font Info:    Redeclaring font encoding OMS on input line 744.
\macc@depth=\count192
\c@MaxMatrixCols=\count193
\dotsspace@=\muskip16
\c@parentequation=\count194
\dspbrk@lvl=\count195
\tag@help=\toks16
\row@=\count196
\column@=\count197
\maxfields@=\count198
\andhelp@=\toks17
\eqnshift@=\dimen142
\alignsep@=\dimen143
\tagshift@=\dimen144
\tagwidth@=\dimen145
\totwidth@=\dimen146
\lineht@=\dimen147
\@envbody=\toks18
\multlinegap=\skip50
\multlinetaggap=\skip51
\mathdisplay@stack=\toks19
LaTeX Info: Redefining \[ on input line 2923.
LaTeX Info: Redefining \] on input line 2924.
)
(/Users/carmineminichini/Library/Application Support/MiKTeX/texmfs/install/tex/
latex/amsfonts/amssymb.sty
Package: amssymb 2013/01/14 v3.01 AMS font symbols

(/Users/carmineminichini/Library/Application Support/MiKTeX/texmfs/install/tex/
latex/amsfonts/amsfonts.sty
Package: amsfonts 2013/01/14 v3.01 Basic AMSFonts support
\symAMSa=\mathgroup4
\symAMSb=\mathgroup5
LaTeX Font Info:    Redeclaring math symbol \hbar on input line 98.
LaTeX Font Info:    Overwriting math alphabet `\mathfrak' in version `bold'
(Font)                  U/euf/m/n --> U/euf/b/n on input line 106.
))
(/Users/carmineminichini/Library/Application Support/MiKTeX/texmfs/install/tex/
latex/graphics/graphicx.sty
Package: graphicx 2020/09/09 v1.2b Enhanced LaTeX Graphics (DPC,SPQR)

(/Users/carmineminichini/Library/Application Support/MiKTeX/texmfs/install/tex/
latex/graphics/keyval.sty
Package: keyval 2014/10/28 v1.15 key=value parser (DPC)
\KV@toks@=\toks20
)
(/Users/carmineminichini/Library/Application Support/MiKTeX/texmfs/install/tex/
latex/graphics/graphics.sty
Package: graphics 2020/08/30 v1.4c Standard LaTeX Graphics (DPC,SPQR)

(/Users/carmineminichini/Library/Application Support/MiKTeX/texmfs/install/tex/
latex/graphics/trig.sty
Package: trig 2016/01/03 v1.10 sin cos tan (DPC)
)
(/Users/carmineminichini/Library/Application Support/MiKTeX/texmfs/install/tex/
latex/graphics-cfg/graphics.cfg
File: graphics.cfg 2016/06/04 v1.11 sample graphics configuration
)
Package graphics Info: Driver file: pdftex.def on input line 105.

(/Users/carmineminichini/Library/Application Support/MiKTeX/texmfs/install/tex/
latex/graphics-def/pdftex.def
File: pdftex.def 2020/10/05 v1.2a Graphics/color driver for pdftex
))
\Gin@req@height=\dimen148
\Gin@req@width=\dimen149
)
(/Users/carmineminichini/Library/Application Support/MiKTeX/texmfs/install/tex/
latex/geometry/geometry.sty
Package: geometry 2020/01/02 v5.9 Page Geometry

(/Users/carmineminichini/Library/Application Support/MiKTeX/texmfs/install/tex/
generic/iftex/ifvtex.sty
Package: ifvtex 2019/10/25 v1.7 ifvtex legacy package. Use iftex instead.

(/Users/carmineminichini/Library/Application Support/MiKTeX/texmfs/install/tex/
generic/iftex/iftex.sty
Package: iftex 2020/03/06 v1.0d TeX engine tests
))
\Gm@cnth=\count199
\Gm@cntv=\count266
\c@Gm@tempcnt=\count267
\Gm@bindingoffset=\dimen150
\Gm@wd@mp=\dimen151
\Gm@odd@mp=\dimen152
\Gm@even@mp=\dimen153
\Gm@layoutwidth=\dimen154
\Gm@layoutheight=\dimen155
\Gm@layouthoffset=\dimen156
\Gm@layoutvoffset=\dimen157
\Gm@dimlist=\toks21

(/Users/carmineminichini/Library/Application Support/MiKTeX/texmfs/install/tex/
latex/geometry/geometry.cfg))
(/Users/carmineminichini/Library/Application Support/MiKTeX/texmfs/install/tex/
latex/caption/caption.sty
Package: caption 2020/10/26 v3.5g Customizing captions (AR)

(/Users/carmineminichini/Library/Application Support/MiKTeX/texmfs/install/tex/
latex/caption/caption3.sty
Package: caption3 2020/10/21 v2.2e caption3 kernel (AR)
\captionmargin=\dimen158
\captionmargin@=\dimen159
\captionwidth=\dimen160
\caption@tempdima=\dimen161
\caption@indent=\dimen162
\caption@parindent=\dimen163
\caption@hangindent=\dimen164
Package caption Info: Standard document class detected.
)
\c@caption@flags=\count268
\c@continuedfloat=\count269
)
(/Users/carmineminichini/Library/Application Support/MiKTeX/texmfs/install/tex/
latex/xcolor/xcolor.sty
Package: xcolor 2016/05/11 v2.12 LaTeX color extensions (UK)

(/Users/carmineminichini/Library/Application Support/MiKTeX/texmfs/install/tex/
latex/graphics-cfg/color.cfg
File: color.cfg 2016/01/02 v1.6 sample color configuration
)
Package xcolor Info: Driver file: pdftex.def on input line 225.
Package xcolor Info: Model `cmy' substituted by `cmy0' on input line 1348.
Package xcolor Info: Model `hsb' substituted by `rgb' on input line 1352.
Package xcolor Info: Model `RGB' extended on input line 1364.
Package xcolor Info: Model `HTML' substituted by `rgb' on input line 1366.
Package xcolor Info: Model `Hsb' substituted by `hsb' on input line 1367.
Package xcolor Info: Model `tHsb' substituted by `hsb' on input line 1368.
Package xcolor Info: Model `HSB' substituted by `hsb' on input line 1369.
Package xcolor Info: Model `Gray' substituted by `gray' on input line 1370.
Package xcolor Info: Model `wave' substituted by `hsb' on input line 1371.

(/Users/carmineminichini/Library/Application Support/MiKTeX/texmfs/install/tex/
latex/xcolor/svgnam.def
File: svgnam.def 2016/05/11 v2.12 Predefined colors according to SVG 1.1 (UK)
))
(/Users/carmineminichini/Library/Application Support/MiKTeX/texmfs/install/tex/
latex/listings/listings.sty
\lst@mode=\count270
\lst@gtempboxa=\box49
\lst@token=\toks22
\lst@length=\count271
\lst@currlwidth=\dimen165
\lst@column=\count272
\lst@pos=\count273
\lst@lostspace=\dimen166
\lst@width=\dimen167
\lst@newlines=\count274
\lst@lineno=\count275
\lst@maxwidth=\dimen168

(/Users/carmineminichini/Library/Application Support/MiKTeX/texmfs/install/tex/
latex/listings/lstmisc.sty
File: lstmisc.sty 2020/03/24 1.8d (Carsten Heinz)
\c@lstnumber=\count276
\lst@skipnumbers=\count277
\lst@framebox=\box50
)
(/Users/carmineminichini/Library/Application Support/MiKTeX/texmfs/install/tex/
latex/listings/listings.cfg
File: listings.cfg 2020/03/24 1.8d listings configuration
))
Package: listings 2020/03/24 1.8d (Carsten Heinz)

(/Users/carmineminichini/Library/Application Support/MiKTeX/texmfs/install/tex/
latex/listings/lstlang1.sty
File: lstlang1.sty 2020/03/24 1.8d listings language file
)
(/Users/carmineminichini/Library/Application Support/MiKTeX/texmfs/install/tex/
latex/listings/lstlang2.sty
File: lstlang2.sty 2020/03/24 1.8d listings language file
)
(/Users/carmineminichini/Library/Application Support/MiKTeX/texmfs/install/tex/
latex/listings/lstlang3.sty
File: lstlang3.sty 2020/03/24 1.8d listings language file
)
(/Users/carmineminichini/Library/Application Support/MiKTeX/texmfs/install/tex/
latex/l3backend/l3backend-pdftex.def
File: l3backend-pdftex.def 2021-03-18 L3 backend support: PDF output (pdfTeX)
\l__color_backend_stack_int=\count278
\l__pdf_internal_box=\box51
) (template_Article.aux)
\openout1 = `template_Article.aux'.

LaTeX Font Info:    Checking defaults for OML/cmm/m/it on input line 30.
LaTeX Font Info:    ... okay on input line 30.
LaTeX Font Info:    Checking defaults for OMS/cmsy/m/n on input line 30.
LaTeX Font Info:    ... okay on input line 30.
LaTeX Font Info:    Checking defaults for OT1/cmr/m/n on input line 30.
LaTeX Font Info:    ... okay on input line 30.
LaTeX Font Info:    Checking defaults for T1/cmr/m/n on input line 30.
LaTeX Font Info:    ... okay on input line 30.
LaTeX Font Info:    Checking defaults for TS1/cmr/m/n on input line 30.
LaTeX Font Info:    ... okay on input line 30.
LaTeX Font Info:    Checking defaults for OMX/cmex/m/n on input line 30.
LaTeX Font Info:    ... okay on input line 30.
LaTeX Font Info:    Checking defaults for U/cmr/m/n on input line 30.
LaTeX Font Info:    ... okay on input line 30.

(/Users/carmineminichini/Library/Application Support/MiKTeX/texmfs/install/tex/
context/base/mkii/supp-pdf.mkii
[Loading MPS to PDF converter (version 2006.09.02).]
\scratchcounter=\count279
\scratchdimen=\dimen169
\scratchbox=\box52
\nofMPsegments=\count280
\nofMParguments=\count281
\everyMPshowfont=\toks23
\MPscratchCnt=\count282
\MPscratchDim=\dimen170
\MPnumerator=\count283
\makeMPintoPDFobject=\count284
\everyMPtoPDFconversion=\toks24
)
(/Users/carmineminichini/Library/Application Support/MiKTeX/texmfs/install/tex/
latex/epstopdf-pkg/epstopdf-base.sty
Package: epstopdf-base 2020-01-24 v2.11 Base part for package epstopdf
Package epstopdf-base Info: Redefining graphics rule for `.eps' on input line 4
85.

(/Users/carmineminichini/Library/Application Support/MiKTeX/texmfs/install/tex/
latex/00miktex/epstopdf-sys.cfg
File: epstopdf-sys.cfg 2021/03/18 v2.0 Configuration of epstopdf for MiKTeX
))
*geometry* driver: auto-detecting
*geometry* detected driver: pdftex
*geometry* verbose mode - [ preamble ] result:
* driver: pdftex
* paper: a4paper
* layout: <same size as paper>
* layoutoffset:(h,v)=(0.0pt,0.0pt)
* modes: 
* h-part:(L,W,R)=(113.81102pt, 369.88583pt, 113.81102pt)
* v-part:(T,H,B)=(56.9055pt, 702.78308pt, 85.35826pt)
* \paperwidth=597.50787pt
* \paperheight=845.04684pt
* \textwidth=369.88583pt
* \textheight=702.78308pt
* \oddsidemargin=41.54103pt
* \evensidemargin=41.54103pt
* \topmargin=-52.36449pt
* \headheight=12.0pt
* \headsep=25.0pt
* \topskip=10.0pt
* \footskip=30.0pt
* \marginparwidth=65.0pt
* \marginparsep=11.0pt
* \columnsep=10.0pt
* \skip\footins=9.0pt plus 4.0pt minus 2.0pt
* \hoffset=0.0pt
* \voffset=0.0pt
* \mag=1000
* \@twocolumnfalse
* \@twosidefalse
* \@mparswitchfalse
* \@reversemarginfalse
* (1in=72.27pt=25.4mm, 1cm=28.453pt)

Package caption Info: Begin \AtBeginDocument code.
Package caption Info: listings package is loaded.
Package caption Info: End \AtBeginDocument code.
\c@lstlisting=\count285
LaTeX Font Info:    Trying to load font information for U+msa on input line 31.


(/Users/carmineminichini/Library/Application Support/MiKTeX/texmfs/install/tex/
latex/amsfonts/umsa.fd
File: umsa.fd 2013/01/14 v3.01 AMS symbols A
)
LaTeX Font Info:    Trying to load font information for U+msb on input line 31.


(/Users/carmineminichini/Library/Application Support/MiKTeX/texmfs/install/tex/
latex/amsfonts/umsb.fd
File: umsb.fd 2013/01/14 v3.01 AMS symbols B
) [1

{/Users/carmineminichini/Library/Application Support/MiKTeX/texmfs/data/pdftex/
config/pdftex.map}]
Underfull \hbox (badness 10000) in paragraph at lines 105--113

 []

[2]
Overfull \hbox (0.14262pt too wide) in paragraph at lines 122--124
\OT1/cmr/m/n/10 L'analisi empirica e stata svolta considerando i prezzi di chi
usura giornalieri, aggiustati
 []


Underfull \hbox (badness 10000) in paragraph at lines 149--149
[]\OT1/cmr/m/n/10 ADF
 []


Underfull \hbox (badness 10000) in paragraph at lines 149--149
[]\OT1/cmr/m/n/10 p-
 []


Overfull \hbox (3.09444pt too wide) in paragraph at lines 147--157
 [] 
 []

[3] [4]
<alpha_dia_amp.png, id=30, 1003.75pt x 501.875pt>
File: alpha_dia_amp.png Graphic file (type png)
<use alpha_dia_amp.png>
Package pdftex.def Info: alpha_dia_amp.png  used on input line 210.
(pdftex.def)             Requested size: 301.12732pt x 150.56366pt.
<beta_dia_amp.png, id=32, 1003.75pt x 501.875pt>
File: beta_dia_amp.png Graphic file (type png)
<use beta_dia_amp.png>
Package pdftex.def Info: beta_dia_amp.png  used on input line 216.
(pdftex.def)             Requested size: 301.12732pt x 150.56366pt.

Underfull \hbox (badness 10000) in paragraph at lines 204--226

 []


Underfull \hbox (badness 10000) in paragraph at lines 204--226

 []


Underfull \hbox (badness 10000) in paragraph at lines 204--226

 []


Underfull \hbox (badness 10000) in paragraph at lines 204--226

 []


Underfull \hbox (badness 10000) in paragraph at lines 204--226

 []


LaTeX Warning: `h' float specifier changed to `ht'.

[5 <./alpha_dia_amp.png>]
<spread_dia_amp.png, id=37, 1003.75pt x 501.875pt>
File: spread_dia_amp.png Graphic file (type png)
<use spread_dia_amp.png>
Package pdftex.def Info: spread_dia_amp.png  used on input line 243.
(pdftex.def)             Requested size: 301.12732pt x 150.56366pt.

Underfull \hbox (badness 10000) in paragraph at lines 238--245

 []

<comparison_dia_amp.png, id=38, 1003.75pt x 501.875pt>
File: comparison_dia_amp.png Graphic file (type png)
<use comparison_dia_amp.png>
Package pdftex.def Info: comparison_dia_amp.png  used on input line 249.
(pdftex.def)             Requested size: 301.12732pt x 150.56366pt.

LaTeX Warning: `h' float specifier changed to `ht'.


Underfull \hbox (badness 10000) in paragraph at lines 252--254

 []


Underfull \hbox (badness 10000) in paragraph at lines 252--254

 []


Underfull \hbox (badness 10000) in paragraph at lines 252--254

 []


Underfull \hbox (badness 10000) in paragraph at lines 252--254

 []


Underfull \hbox (badness 10000) in paragraph at lines 252--254

 []


Underfull \hbox (badness 10000) in paragraph at lines 252--254

 []

[6 <./beta_dia_amp.png> <./spread_dia_amp.png>]
Overfull \hbox (27.01297pt too wide) in paragraph at lines 270--271
[][][][][][][][][][][][][][][][][][][][][][][][][][][][][][][][][][][][][][][][
][][][][][][][][][][][][][][][][][][][][][][][][][][][][][][][][][][][][][][] 
 []

[7 <./comparison_dia_amp.png>] (template_Article.aux) ) 
Here is how much of TeX's memory you used:
 7124 strings out of 481257
 104641 string characters out of 2905281
 606378 words of memory out of 3000000
 24283 multiletter control sequences out of 15000+600000
 412402 words of font info for 62 fonts, out of 8000000 for 9000
 0 hyphenation exceptions out of 8191
 68i,9n,74p,434b,2279s stack positions out of 5000i,500n,10000p,200000b,80000s
 </Users/carmineminichin
i/Library/Application Support/MiKTeX/texmfs/data/fonts/pk/ljfour/jknappen/ec/dp
i600/tcrm1000.pk></Users/carmineminichini/Library/Application Support/MiKTeX/te
xmfs/install/fonts/type1/public/amsfonts/cm/cmbx10.pfb></Users/carmineminichini
/Library/Application Support/MiKTeX/texmfs/install/fonts/type1/public/amsfonts/
cm/cmbx12.pfb></Users/carmineminichini/Library/Application Support/MiKTeX/texmf
s/install/fonts/type1/public/amsfonts/cm/cmbx9.pfb></Users/carmineminichini/Lib
rary/Application Support/MiKTeX/texmfs/install/fonts/type1/public/amsfonts/cm/c
mex10.pfb></Users/carmineminichini/Library/Application Support/MiKTeX/texmfs/in
stall/fonts/type1/public/amsfonts/cm/cmmi10.pfb></Users/carmineminichini/Librar
y/Application Support/MiKTeX/texmfs/install/fonts/type1/public/amsfonts/cm/cmmi
7.pfb></Users/carmineminichini/Library/Application Support/MiKTeX/texmfs/instal
l/fonts/type1/public/amsfonts/cm/cmr10.pfb></Users/carmineminichini/Library/App
lication Support/MiKTeX/texmfs/install/fonts/type1/public/amsfonts/cm/cmr12.pfb
></Users/carmineminichini/Library/Application Support/MiKTeX/texmfs/install/fon
ts/type1/public/amsfonts/cm/cmr17.pfb></Users/carmineminichini/Library/Applicat
ion Support/MiKTeX/texmfs/install/fonts/type1/public/amsfonts/cm/cmr6.pfb></Use
rs/carmineminichini/Library/Application Support/MiKTeX/texmfs/install/fonts/typ
e1/public/amsfonts/cm/cmr7.pfb></Users/carmineminichini/Library/Application Sup
port/MiKTeX/texmfs/install/fonts/type1/public/amsfonts/cm/cmr8.pfb></Users/carm
ineminichini/Library/Application Support/MiKTeX/texmfs/install/fonts/type1/publ
ic/amsfonts/cm/cmsy10.pfb></Users/carmineminichini/Library/Application Support/
MiKTeX/texmfs/install/fonts/type1/public/amsfonts/cm/cmsy7.pfb></Users/carminem
inichini/Library/Application Support/MiKTeX/texmfs/install/fonts/type1/public/a
msfonts/cm/cmtt9.pfb></Users/carmineminichini/Library/Application Support/MiKTe
X/texmfs/install/fonts/type1/public/amsfonts/symbols/msam10.pfb>
Output written on template_Article.pdf (7 pages, 453432 bytes).
PDF statistics:
 105 PDF objects out of 1000 (max. 8388607)
 0 named destinations out of 1000 (max. 500000)
 21 words of extra memory for PDF output out of 10000 (max. 10000000)

