\BOOKMARK [1][-]{section*.3}{\376\377\000I\000n\000t\000r\000o\000d\000u\000z\000i\000o\000n\000e}{}% 1
\BOOKMARK [1][-]{section.1}{\376\377\000S\000t\000a\000t\000i\000s\000t\000i\000c\000a\000l\000\040\000A\000r\000b\000i\000t\000r\000a\000g\000e}{}% 2
\BOOKMARK [1][-]{section.2}{\376\377\000C\000o\000i\000n\000t\000e\000g\000r\000a\000z\000i\000o\000n\000e}{}% 3
\BOOKMARK [2][-]{subsection.2.1}{\376\377\000S\000e\000r\000i\000e\000\040\000s\000t\000o\000r\000i\000c\000h\000e\000\040\000c\000o\000i\000n\000t\000e\000g\000r\000a\000t\000e}{section.2}% 4
\BOOKMARK [1][-]{section.3}{\376\377\000L\000i\000n\000e\000a\000r\000\040\000S\000t\000a\000t\000e\000\040\000S\000p\000a\000c\000e\000\040\000M\000o\000d\000e\000l\000s}{}% 5
\BOOKMARK [2][-]{subsubsection.3.0.1}{\376\377\000T\000i\000m\000e\000-\000v\000a\000r\000y\000i\000n\000g\000\040\000c\000o\000e\000f\000f\000i\000c\000i\000e\000n\000t\000s}{section.3}% 6
\BOOKMARK [3][-]{subsubsection.3.0.2}{\376\377\000F\000i\000l\000t\000r\000o\000\040\000r\000i\000c\000o\000r\000s\000i\000v\000o}{subsubsection.3.0.1}% 7
\BOOKMARK [3][-]{subsubsection.3.0.3}{\376\377\000U\000n\000a\000\040\000f\000o\000r\000m\000u\000l\000a\000z\000i\000o\000n\000e\000\040\000B\000a\000y\000e\000s\000i\000a\000n\000a}{subsubsection.3.0.1}% 8
\BOOKMARK [3][-]{subsubsection.3.0.4}{\376\377\000I\000n\000i\000z\000i\000a\000l\000i\000z\000z\000a\000z\000i\000o\000n\000e\000\040\000d\000e\000l\000\040\000K\000a\000l\000m\000a\000n\000\040\000F\000i\000l\000t\000e\000r}{subsubsection.3.0.1}% 9
\BOOKMARK [1][-]{section.4}{\376\377\000P\000a\000i\000r\000\040\000t\000r\000a\000d\000i\000n\000g}{}% 10
\BOOKMARK [2][-]{subsection.4.1}{\376\377\000I\000n\000d\000i\000v\000i\000d\000u\000a\000z\000i\000o\000n\000e\000\040\000d\000e\000l\000\040\000p\000e\000r\000i\000o\000d\000o\000\040\000d\000i\000\040\000o\000p\000e\000r\000a\000t\000i\000v\000i\000t\000\340}{section.4}% 11
\BOOKMARK [2][-]{subsection.4.2}{\376\377\000A\000n\000a\000l\000i\000s\000i\000\040\000d\000e\000l\000l\000a\000\040\000r\000e\000l\000a\000z\000i\000o\000n\000e\000\040\000d\000i\000\040\000c\000o\000i\000n\000t\000e\000g\000r\000a\000z\000i\000o\000n\000e}{section.4}% 12
\BOOKMARK [2][-]{subsection.4.3}{\376\377\000S\000e\000l\000e\000z\000i\000o\000n\000e\000\040\000d\000e\000l\000l\000e\000\040\000c\000o\000p\000p\000i\000e\000\040\000c\000o\000i\000n\000t\000e\000g\000r\000a\000t\000e}{section.4}% 13
\BOOKMARK [2][-]{subsection.4.4}{\376\377\000R\000i\000s\000u\000l\000t\000a\000t\000i\000\040\000d\000e\000l\000l\000a\000\040\000s\000e\000l\000e\000z\000i\000o\000n\000e}{section.4}% 14
\BOOKMARK [2][-]{subsection.4.5}{\376\377\000I\000l\000\040\000m\000o\000d\000e\000l\000l\000o\000\040\000o\000p\000e\000r\000a\000t\000i\000v\000o\000\040\000e\000\040\000l\000a\000\040\000s\000t\000a\000z\000i\000o\000n\000a\000r\000i\000z\000z\000a\000z\000i\000o\000n\000e\000\040\000d\000e\000l\000\040\000t\000r\000a\000d\000i\000n\000g\000\040\000p\000e\000r\000i\000o\000d}{section.4}% 15
\BOOKMARK [2][-]{subsection.4.6}{\376\377\000D\000e\000f\000i\000n\000i\000z\000i\000o\000n\000e\000\040\000d\000e\000l\000l\000a\000\040\000s\000t\000r\000a\000t\000e\000g\000i\000a\000\040\000d\000i\000\040\000t\000r\000a\000d\000i\000n\000g}{section.4}% 16
\BOOKMARK [3][-]{subsubsection.4.6.1}{\376\377\000C\000o\000s\000t\000r\000u\000z\000i\000o\000n\000e\000\040\000d\000e\000l\000l\000a\000\040\000t\000h\000r\000e\000s\000h\000o\000l\000d}{subsection.4.6}% 17
\BOOKMARK [3][-]{subsubsection.4.6.2}{\376\377\000G\000e\000n\000e\000r\000a\000z\000i\000o\000n\000e\000\040\000d\000e\000i\000\040\000s\000e\000g\000n\000a\000l\000i\000\040\000o\000p\000e\000r\000a\000t\000i\000v\000i}{subsection.4.6}% 18
\BOOKMARK [3][-]{subsubsection.4.6.3}{\376\377\000C\000o\000s\000t\000r\000u\000z\000i\000o\000n\000e\000\040\000d\000e\000l\000\040\000p\000o\000r\000t\000a\000f\000o\000g\000l\000i\000o}{subsection.4.6}% 19
\BOOKMARK [2][-]{subsection.4.7}{\376\377\000T\000r\000a\000d\000i\000n\000g\000\040\000P\000e\000r\000f\000o\000r\000m\000a\000n\000c\000e}{section.4}% 20
\BOOKMARK [3][-]{subsubsection.4.7.1}{\376\377\000P\000r\000e\000m\000e\000s\000s\000e\000\040\000a\000l\000\040\000m\000o\000d\000e\000l\000l\000o}{subsection.4.7}% 21
\BOOKMARK [3][-]{subsubsection.4.7.2}{\376\377\000A\000n\000a\000l\000i\000s\000i\000\040\000d\000e\000l\000l\000a\000\040\000p\000e\000r\000f\000o\000r\000m\000a\000n\000c\000e}{subsection.4.7}% 22
\BOOKMARK [2][-]{subsection.4.8}{\376\377\000R\000i\000s\000u\000l\000t\000a\000t\000i\000\040\000E\000m\000p\000i\000r\000i\000c\000i}{section.4}% 23
\BOOKMARK [1][-]{section*.34}{\376\377\000C\000o\000n\000c\000l\000u\000s\000i\000o\000n\000i}{}% 24
\BOOKMARK [1][-]{section*.35}{\376\377\000A\000p\000p\000e\000n\000d\000i\000c\000e\000\040\000T\000e\000o\000r\000i\000c\000a}{}% 25
\BOOKMARK [2][-]{subsection.Alph0.1}{\376\377\000P\000r\000o\000c\000e\000s\000s\000i\000\040\000S\000t\000o\000c\000a\000s\000t\000i\000c\000i}{section*.35}% 26
\BOOKMARK [2][-]{subsection.Alph0.2}{\376\377\000T\000e\000s\000t\000\040\000d\000i\000\040\000r\000a\000d\000i\000c\000e\000\040\000u\000n\000i\000t\000a\000r\000i\000a}{section*.35}% 27
\BOOKMARK [1][-]{section*.43}{\376\377\000I\000m\000p\000l\000e\000m\000e\000n\000t\000a\000z\000i\000o\000n\000e\000\040\000i\000n\000\040\000R}{}% 28
\BOOKMARK [1][-]{section*.52}{\376\377\000B\000i\000b\000l\000i\000o\000g\000r\000a\000f\000i\000a}{}% 29
